<?xml version="1.0" encoding="UTF-8"?>
<testng-results ignored="0" total="1" passed="1" failed="0" skipped="0">
  <reporter-output>
  </reporter-output>
  <suite started-at="2022-01-30T23:07:18 EET" name="Default suite" finished-at="2022-01-30T23:07:19 EET" duration-ms="1777">
    <groups>
    </groups>
    <test started-at="2022-01-30T23:07:18 EET" name="Default test" finished-at="2022-01-30T23:07:19 EET" duration-ms="1777">
      <class name="Trello.Trell_api">
        <test-method signature="api_test()[pri:0, instance:Trello.Trell_api@49c386c8]" started-at="2022-01-30T23:07:18 EET" name="api_test" finished-at="2022-01-30T23:07:19 EET" duration-ms="1742" status="PASS">
          <reporter-output>
          </reporter-output>
        </test-method> <!-- api_test -->
      </class> <!-- Trello.Trell_api -->
    </test> <!-- Default test -->
  </suite> <!-- Default suite -->
</testng-results>
